[2021-07-11T00:04:18.822] [INFO] default - GET /machine/getProductByCode 请求参数：
json:
{}
query:
{
    "code": "00002"
}
[2021-07-11T00:04:18.933] [INFO] default - GET /static/bhREK9llLKSzfXqU8g_jrTXj.png 请求参数：
json:
{}
query:
{}
[2021-07-11T00:04:21.990] [INFO] default - POST /machine/createOrder 请求参数：
json:
{
    "products": [
        {
            "id": 17,
            "count": 1
        }
    ]
}
query:
{}
[2021-07-11T00:04:22.102] [INFO] default - GET /machine/getOrder 请求参数：
json:
{}
query:
{
    "orderNumber": "202107110004257714054"
}
[2021-07-11T00:04:26.086] [INFO] default - POST /machine/pay 请求参数：
json:
{
    "orderNumber": "202107110004257714054",
    "code": "00002"
}
query:
{}
[2021-07-11T00:04:26.380] [ERROR] default - 支付失败，获取顾客账户信息失败，请顾客刷新付款码后重新收款，如再次收款失败，请联系管理员处理。[SOUNDWAVE_PARSER_FAIL]
Error: 支付失败，获取顾客账户信息失败，请顾客刷新付款码后重新收款，如再次收款失败，请联系管理员处理。[SOUNDWAVE_PARSER_FAIL]
    at Function.of (file:///Users/lilindog/Desktop/nwjs-project-srv/src/utils/util.mjs:66:16)
    at pay (file:///Users/lilindog/Desktop/nwjs-project-srv/src/services/machine.mjs:90:27)
    at runMicrotasks (<anonymous>)
    at processTicksAndRejections (internal/process/task_queues.js:93:5)
    at async file:///Users/lilindog/Desktop/nwjs-project-srv/src/routers/machine.mjs:97:25
    at async default (file:///Users/lilindog/Desktop/nwjs-project-srv/src/middleware/requestLog.mjs:16:5)
    at async bodyParser (/Users/lilindog/Desktop/nwjs-project-srv/node_modules/koa-bodyparser/index.js:95:5)
    at async default (file:///Users/lilindog/Desktop/nwjs-project-srv/src/middleware/crossOrigin.mjs:6:5)
[2021-07-11T00:04:26.456] [INFO] default - GET /machine/getOrder 请求参数：
json:
{}
query:
{
    "orderNumber": "202107110004257714054"
}
[2021-07-11T00:12:34.945] [INFO] default - GET /machine/getProductByCode 请求参数：
json:
{}
query:
{
    "code": "hello lilin!"
}
[2021-07-11T00:12:37.910] [INFO] default - GET /machine/getProductByCode 请求参数：
json:
{}
query:
{
    "code": "00002"
}
[2021-07-11T00:12:37.982] [INFO] default - GET /static/bhREK9llLKSzfXqU8g_jrTXj.png 请求参数：
json:
{}
query:
{}
[2021-07-11T00:12:40.879] [INFO] default - POST /machine/createOrder 请求参数：
json:
{
    "products": [
        {
            "id": 17,
            "count": 1
        }
    ]
}
query:
{}
[2021-07-11T00:12:40.995] [INFO] default - GET /machine/getOrder 请求参数：
json:
{}
query:
{
    "orderNumber": "202107110012480707478"
}
[2021-07-11T00:12:44.566] [INFO] default - GET /machine/getOrder 请求参数：
json:
{}
query:
{
    "orderNumber": "1234567890"
}
[2021-07-11T00:12:44.567] [ERROR] default - 订单1234567890不存在！
Error: 订单1234567890不存在！
    at Function.of (file:///Users/lilindog/Desktop/nwjs-project-srv/src/utils/util.mjs:66:16)
    at getOrder (file:///Users/lilindog/Desktop/nwjs-project-srv/src/services/machine.mjs:105:35)
    at runMicrotasks (<anonymous>)
    at processTicksAndRejections (internal/process/task_queues.js:93:5)
    at async file:///Users/lilindog/Desktop/nwjs-project-srv/src/routers/machine.mjs:155:25
    at async default (file:///Users/lilindog/Desktop/nwjs-project-srv/src/middleware/requestLog.mjs:16:5)
    at async bodyParser (/Users/lilindog/Desktop/nwjs-project-srv/node_modules/koa-bodyparser/index.js:95:5)
    at async default (file:///Users/lilindog/Desktop/nwjs-project-srv/src/middleware/crossOrigin.mjs:6:5)
[2021-07-11T00:21:31.621] [INFO] default - GET /machine/getProductByCode 请求参数：
json:
{}
query:
{
    "code": "00002"
}
[2021-07-11T00:21:31.698] [INFO] default - GET /static/bhREK9llLKSzfXqU8g_jrTXj.png 请求参数：
json:
{}
query:
{}
[2021-07-11T00:21:34.278] [INFO] default - POST /machine/createOrder 请求参数：
json:
{
    "products": [
        {
            "id": 17,
            "count": 1
        }
    ]
}
query:
{}
[2021-07-11T00:21:34.404] [INFO] default - GET /machine/getOrder 请求参数：
json:
{}
query:
{
    "orderNumber": "202107110021315730670"
}
[2021-07-11T00:21:38.686] [INFO] default - POST /machine/pay 请求参数：
json:
{
    "orderNumber": "202107110021315730670",
    "code": "00002"
}
query:
{}
[2021-07-11T00:21:38.870] [ERROR] default - 支付失败，获取顾客账户信息失败，请顾客刷新付款码后重新收款，如再次收款失败，请联系管理员处理。[SOUNDWAVE_PARSER_FAIL]
Error: 支付失败，获取顾客账户信息失败，请顾客刷新付款码后重新收款，如再次收款失败，请联系管理员处理。[SOUNDWAVE_PARSER_FAIL]
    at Function.of (file:///Users/lilindog/Desktop/nwjs-project-srv/src/utils/util.mjs:66:16)
    at pay (file:///Users/lilindog/Desktop/nwjs-project-srv/src/services/machine.mjs:90:27)
    at runMicrotasks (<anonymous>)
    at processTicksAndRejections (internal/process/task_queues.js:93:5)
    at async file:///Users/lilindog/Desktop/nwjs-project-srv/src/routers/machine.mjs:97:25
    at async default (file:///Users/lilindog/Desktop/nwjs-project-srv/src/middleware/requestLog.mjs:16:5)
    at async bodyParser (/Users/lilindog/Desktop/nwjs-project-srv/node_modules/koa-bodyparser/index.js:95:5)
    at async default (file:///Users/lilindog/Desktop/nwjs-project-srv/src/middleware/crossOrigin.mjs:6:5)
[2021-07-11T00:21:38.963] [INFO] default - GET /machine/getOrder 请求参数：
json:
{}
query:
{
    "orderNumber": "202107110021315730670"
}
[2021-07-11T00:22:41.252] [INFO] default - GET /machine/getOrder 请求参数：
json:
{}
query:
{
    "orderNumber": "202107110021315730670"
}
[2021-07-11T00:26:17.885] [INFO] default - GET /machine/getOrder 请求参数：
json:
{}
query:
{
    "orderNumber": "202107110021315730670"
}
[2021-07-11T00:29:47.642] [INFO] default - GET /machine/getOrder 请求参数：
json:
{}
query:
{
    "orderNumber": "202107110021315730670"
}
[2021-07-11T00:30:28.491] [INFO] default - GET /machine/getProductByCode 请求参数：
json:
{}
query:
{
    "code": "00002"
}
[2021-07-11T00:30:30.542] [INFO] default - POST /machine/createOrder 请求参数：
json:
{
    "products": [
        {
            "id": 17,
            "count": 1
        }
    ]
}
query:
{}
[2021-07-11T00:30:30.630] [INFO] default - GET /machine/getOrder 请求参数：
json:
{}
query:
{
    "orderNumber": "20210711003036956103"
}
[2021-07-11T00:31:03.112] [INFO] default - POST /machine/pay 请求参数：
json:
{
    "orderNumber": "20210711003036956103",
    "code": "286707592966894712"
}
query:
{}
[2021-07-11T00:31:04.645] [INFO] default - GET /machine/getOrder 请求参数：
json:
{}
query:
{
    "orderNumber": "20210711003036956103"
}
[2021-07-11T12:08:53.210] [INFO] default - GET /machine/getProductByCode 请求参数：
json:
{}
query:
{
    "code": "00002"
}
[2021-07-11T12:08:53.268] [INFO] default - GET /static/bhREK9llLKSzfXqU8g_jrTXj.png 请求参数：
json:
{}
query:
{}
[2021-07-11T12:08:55.148] [INFO] default - GET /machine/getProductByCode 请求参数：
json:
{}
query:
{
    "code": "00002"
}
[2021-07-11T12:08:56.378] [INFO] default - GET /machine/getProductByCode 请求参数：
json:
{}
query:
{
    "code": "00002"
}
[2021-07-11T12:08:59.141] [INFO] default - GET /machine/getProductByCode 请求参数：
json:
{}
query:
{
    "code": "00002"
}
[2021-07-11T12:09:06.427] [INFO] default - POST /machine/createOrder 请求参数：
json:
{
    "products": [
        {
            "id": 17,
            "count": 3
        }
    ]
}
query:
{}
[2021-07-11T12:09:06.503] [INFO] default - GET /machine/getOrder 请求参数：
json:
{}
query:
{
    "orderNumber": "202107111209012791419"
}
[2021-07-11T12:09:10.405] [INFO] default - POST /machine/pay 请求参数：
json:
{
    "orderNumber": "202107111209012791419",
    "code": "00002"
}
query:
{}
[2021-07-11T12:09:10.802] [ERROR] default - 支付失败，获取顾客账户信息失败，请顾客刷新付款码后重新收款，如再次收款失败，请联系管理员处理。[SOUNDWAVE_PARSER_FAIL]
Error: 支付失败，获取顾客账户信息失败，请顾客刷新付款码后重新收款，如再次收款失败，请联系管理员处理。[SOUNDWAVE_PARSER_FAIL]
    at Function.of (file:///Users/lilindog/Desktop/nwjs-project-srv/src/utils/util.mjs:66:16)
    at pay (file:///Users/lilindog/Desktop/nwjs-project-srv/src/services/machine.mjs:90:27)
    at processTicksAndRejections (internal/process/task_queues.js:93:5)
    at async file:///Users/lilindog/Desktop/nwjs-project-srv/src/routers/machine.mjs:97:25
    at async default (file:///Users/lilindog/Desktop/nwjs-project-srv/src/middleware/requestLog.mjs:16:5)
    at async bodyParser (/Users/lilindog/Desktop/nwjs-project-srv/node_modules/koa-bodyparser/index.js:95:5)
    at async default (file:///Users/lilindog/Desktop/nwjs-project-srv/src/middleware/crossOrigin.mjs:6:5)
[2021-07-11T12:48:50.471] [INFO] default - GET /machine/getProductByCode 请求参数：
json:
{}
query:
{
    "code": "6914782210257"
}
[2021-07-11T12:49:08.135] [INFO] default - GET /machine/getProductByCode 请求参数：
json:
{}
query:
{
    "code": "https://github.com/lilindog"
}
[2021-07-11T12:49:14.638] [INFO] default - GET /machine/getProductByCode 请求参数：
json:
{}
query:
{
    "code": "6914782210257"
}
[2021-07-11T13:21:44.014] [INFO] default - GET /machine/getProductByCode 请求参数：
json:
{}
query:
{
    "code": "6914782210257"
}
[2021-07-11T13:23:30.610] [INFO] default - GET /machine/getProductByCode 请求参数：
json:
{}
query:
{
    "code": "6914782210257"
}
[2021-07-11T13:23:39.314] [INFO] default - GET /machine/getProductByCode 请求参数：
json:
{}
query:
{
    "code": "1052"
}
[2021-07-11T13:23:47.404] [INFO] default - GET /machine/getProductByCode 请求参数：
json:
{}
query:
{
    "code": "6914782210257"
}
[2021-07-11T13:23:56.314] [INFO] default - GET /machine/getProductByCode 请求参数：
json:
{}
query:
{
    "code": "6914782210257"
}
[2021-07-11T13:24:05.017] [INFO] default - GET /machine/getProductByCode 请求参数：
json:
{}
query:
{
    "code": "00002"
}
[2021-07-11T13:24:38.471] [INFO] default - OPTIONS /admin/info 请求参数：
json:
{}
query:
{}
[2021-07-11T13:24:38.473] [INFO] default - GET /admin/info 请求参数：
json:
{}
query:
{}
[2021-07-11T13:24:40.089] [INFO] default - OPTIONS /admin/queryProducts 请求参数：
json:
{}
query:
{
    "page": "1",
    "limit": "5",
    "keyword": ""
}
[2021-07-11T13:24:40.090] [INFO] default - GET /admin/queryProducts 请求参数：
json:
{}
query:
{
    "page": "1",
    "limit": "5",
    "keyword": ""
}
[2021-07-11T13:24:40.104] [INFO] default - GET /static/GBmaKV_tSeYW6U_fkTfDdbQH.png 请求参数：
json:
{}
query:
{}
[2021-07-11T13:24:40.105] [INFO] default - GET /static/amxQHDEVgsttPVkn_jp2GniX.png 请求参数：
json:
{}
query:
{}
[2021-07-11T13:24:40.105] [INFO] default - GET /static/bhREK9llLKSzfXqU8g_jrTXj.png 请求参数：
json:
{}
query:
{}
[2021-07-11T13:24:57.212] [INFO] default - OPTIONS /admin/updateProduct 请求参数：
json:
{}
query:
{}
[2021-07-11T13:24:57.213] [INFO] default - POST /admin/updateProduct 请求参数：
json:
{
    "title": "水杯",
    "img": "bhREK9llLKSzfXqU8g_jrTXj.png",
    "code": "00002",
    "amount": 2,
    "stock": "10",
    "id": 17
}
query:
{}
[2021-07-11T13:24:57.227] [INFO] default - OPTIONS /admin/queryProducts 请求参数：
json:
{}
query:
{
    "page": "1",
    "limit": "5",
    "keyword": ""
}
[2021-07-11T13:24:57.228] [INFO] default - GET /admin/queryProducts 请求参数：
json:
{}
query:
{
    "page": "1",
    "limit": "5",
    "keyword": ""
}
[2021-07-11T13:25:00.723] [INFO] default - GET /machine/getProductByCode 请求参数：
json:
{}
query:
{
    "code": "00002"
}
[2021-07-11T13:25:01.229] [INFO] default - GET /static/bhREK9llLKSzfXqU8g_jrTXj.png 请求参数：
json:
{}
query:
{}
[2021-07-11T13:25:05.735] [INFO] default - POST /machine/createOrder 请求参数：
json:
{
    "products": [
        {
            "id": 17,
            "count": 1
        }
    ]
}
query:
{}
[2021-07-11T13:25:05.896] [INFO] default - GET /machine/getOrder 请求参数：
json:
{}
query:
{
    "orderNumber": "202107111325041388674"
}
[2021-07-11T13:26:30.015] [INFO] default - GET /machine/getProductByCode 请求参数：
json:
{}
query:
{
    "code": "6914782210257"
}
[2021-07-11T13:26:35.442] [INFO] default - GET /machine/getProductByCode 请求参数：
json:
{}
query:
{
    "code": "00002"
}
[2021-07-11T13:26:38.868] [INFO] default - POST /machine/createOrder 请求参数：
json:
{
    "products": [
        {
            "id": 17,
            "count": 1
        }
    ]
}
query:
{}
[2021-07-11T13:26:38.957] [INFO] default - GET /machine/getOrder 请求参数：
json:
{}
query:
{
    "orderNumber": "202107111326314566643"
}
[2021-07-11T13:26:48.858] [INFO] default - GET /machine/getProductByCode 请求参数：
json:
{}
query:
{
    "code": "00002"
}
[2021-07-11T13:33:32.717] [INFO] default - GET /machine/getProductByCode 请求参数：
json:
{}
query:
{
    "code": "6914782210257"
}
[2021-07-11T13:33:38.454] [INFO] default - GET /machine/getProductByCode 请求参数：
json:
{}
query:
{
    "code": "00002"
}
[2021-07-11T13:33:38.498] [INFO] default - GET /static/bhREK9llLKSzfXqU8g_jrTXj.png 请求参数：
json:
{}
query:
{}
[2021-07-11T13:33:42.954] [INFO] default - POST /machine/createOrder 请求参数：
json:
{
    "products": [
        {
            "id": 17,
            "count": 1
        }
    ]
}
query:
{}
[2021-07-11T13:33:43.032] [INFO] default - GET /machine/getOrder 请求参数：
json:
{}
query:
{
    "orderNumber": "202107111333447656812"
}
[2021-07-11T13:33:55.284] [INFO] default - GET /machine/getProductByCode 请求参数：
json:
{}
query:
{
    "code": "6914782210257"
}
[2021-07-11T13:33:59.441] [INFO] default - GET /machine/getProductByCode 请求参数：
json:
{}
query:
{
    "code": "00002"
}
[2021-07-11T13:34:02.502] [INFO] default - POST /machine/createOrder 请求参数：
json:
{
    "products": [
        {
            "id": 17,
            "count": 1
        }
    ]
}
query:
{}
[2021-07-11T13:34:02.579] [INFO] default - GET /machine/getOrder 请求参数：
json:
{}
query:
{
    "orderNumber": "202107111334093025275"
}
[2021-07-11T13:34:06.956] [INFO] default - POST /machine/pay 请求参数：
json:
{
    "orderNumber": "202107111334093025275",
    "code": "00002"
}
query:
{}
[2021-07-11T13:34:07.154] [ERROR] default - 支付失败，获取顾客账户信息失败，请顾客刷新付款码后重新收款，如再次收款失败，请联系管理员处理。[SOUNDWAVE_PARSER_FAIL]
Error: 支付失败，获取顾客账户信息失败，请顾客刷新付款码后重新收款，如再次收款失败，请联系管理员处理。[SOUNDWAVE_PARSER_FAIL]
    at Function.of (file:///Users/lilindog/Desktop/nwjs-project-srv/src/utils/util.mjs:66:16)
    at pay (file:///Users/lilindog/Desktop/nwjs-project-srv/src/services/machine.mjs:90:27)
    at processTicksAndRejections (internal/process/task_queues.js:93:5)
    at async file:///Users/lilindog/Desktop/nwjs-project-srv/src/routers/machine.mjs:97:25
    at async default (file:///Users/lilindog/Desktop/nwjs-project-srv/src/middleware/requestLog.mjs:16:5)
    at async bodyParser (/Users/lilindog/Desktop/nwjs-project-srv/node_modules/koa-bodyparser/index.js:95:5)
    at async default (file:///Users/lilindog/Desktop/nwjs-project-srv/src/middleware/crossOrigin.mjs:6:5)
[2021-07-11T17:48:16.709] [INFO] default - OPTIONS /admin/info 请求参数：
json:
{}
query:
{}
[2021-07-11T17:48:16.715] [INFO] default - GET /admin/info 请求参数：
json:
{}
query:
{}
[2021-07-11T17:48:18.222] [INFO] default - OPTIONS /admin/queryProducts 请求参数：
json:
{}
query:
{
    "page": "1",
    "limit": "5",
    "keyword": ""
}
[2021-07-11T17:48:18.223] [INFO] default - GET /admin/queryProducts 请求参数：
json:
{}
query:
{
    "page": "1",
    "limit": "5",
    "keyword": ""
}
[2021-07-11T17:48:18.238] [INFO] default - GET /static/GBmaKV_tSeYW6U_fkTfDdbQH.png 请求参数：
json:
{}
query:
{}
[2021-07-11T17:48:18.241] [INFO] default - GET /static/amxQHDEVgsttPVkn_jp2GniX.png 请求参数：
json:
{}
query:
{}
[2021-07-11T17:48:18.242] [INFO] default - GET /static/bhREK9llLKSzfXqU8g_jrTXj.png 请求参数：
json:
{}
query:
{}
[2021-07-11T17:48:19.707] [INFO] default - OPTIONS /admin/queryOrders 请求参数：
json:
{}
query:
{
    "page": "1",
    "limit": "10",
    "status": ""
}
[2021-07-11T17:48:19.708] [INFO] default - GET /admin/queryOrders 请求参数：
json:
{}
query:
{
    "page": "1",
    "limit": "10",
    "status": ""
}
[2021-07-11T17:48:29.039] [INFO] default - OPTIONS /admin/queryOrders 请求参数：
json:
{}
query:
{
    "page": "2",
    "limit": "10",
    "status": ""
}
[2021-07-11T17:48:29.041] [INFO] default - GET /admin/queryOrders 请求参数：
json:
{}
query:
{
    "page": "2",
    "limit": "10",
    "status": ""
}
[2021-07-11T17:48:35.461] [INFO] default - OPTIONS /admin/queryOrders 请求参数：
json:
{}
query:
{
    "page": "2",
    "limit": "10",
    "status": "1"
}
[2021-07-11T17:48:35.463] [INFO] default - GET /admin/queryOrders 请求参数：
json:
{}
query:
{
    "page": "2",
    "limit": "10",
    "status": "1"
}
[2021-07-11T17:48:39.273] [INFO] default - OPTIONS /admin/queryOrders 请求参数：
json:
{}
query:
{
    "page": "2",
    "limit": "10",
    "status": "0"
}
[2021-07-11T17:48:39.274] [INFO] default - GET /admin/queryOrders 请求参数：
json:
{}
query:
{
    "page": "2",
    "limit": "10",
    "status": "0"
}
[2021-07-11T17:48:40.975] [INFO] default - OPTIONS /admin/queryOrders 请求参数：
json:
{}
query:
{
    "page": "2",
    "limit": "10",
    "status": "1"
}
[2021-07-11T17:48:40.977] [INFO] default - GET /admin/queryOrders 请求参数：
json:
{}
query:
{
    "page": "2",
    "limit": "10",
    "status": "1"
}
[2021-07-11T17:48:42.783] [INFO] default - GET /admin/queryOrders 请求参数：
json:
{}
query:
{
    "page": "2",
    "limit": "10",
    "status": "0"
}
[2021-07-11T17:48:46.415] [INFO] default - OPTIONS /admin/queryOrders 请求参数：
json:
{}
query:
{
    "page": "2",
    "limit": "10",
    "status": "0"
}
[2021-07-11T17:48:46.416] [INFO] default - GET /admin/queryOrders 请求参数：
json:
{}
query:
{
    "page": "2",
    "limit": "10",
    "status": "0"
}
[2021-07-11T17:48:49.421] [INFO] default - OPTIONS /admin/queryOrders 请求参数：
json:
{}
query:
{
    "page": "2",
    "limit": "10",
    "status": ""
}
[2021-07-11T17:48:49.423] [INFO] default - GET /admin/queryOrders 请求参数：
json:
{}
query:
{
    "page": "2",
    "limit": "10",
    "status": ""
}
[2021-07-11T17:48:51.536] [INFO] default - OPTIONS /admin/queryOrders 请求参数：
json:
{}
query:
{
    "page": "3",
    "limit": "10",
    "status": ""
}
[2021-07-11T17:48:51.537] [INFO] default - GET /admin/queryOrders 请求参数：
json:
{}
query:
{
    "page": "3",
    "limit": "10",
    "status": ""
}
[2021-07-11T17:48:54.539] [INFO] default - OPTIONS /admin/queryOrders 请求参数：
json:
{}
query:
{
    "page": "4",
    "limit": "10",
    "status": ""
}
[2021-07-11T17:48:54.541] [INFO] default - GET /admin/queryOrders 请求参数：
json:
{}
query:
{
    "page": "4",
    "limit": "10",
    "status": ""
}
[2021-07-11T17:48:55.854] [INFO] default - OPTIONS /admin/queryOrders 请求参数：
json:
{}
query:
{
    "page": "5",
    "limit": "10",
    "status": ""
}
[2021-07-11T17:48:55.856] [INFO] default - GET /admin/queryOrders 请求参数：
json:
{}
query:
{
    "page": "5",
    "limit": "10",
    "status": ""
}
[2021-07-11T17:48:56.824] [INFO] default - OPTIONS /admin/queryOrders 请求参数：
json:
{}
query:
{
    "page": "6",
    "limit": "10",
    "status": ""
}
[2021-07-11T17:48:56.825] [INFO] default - GET /admin/queryOrders 请求参数：
json:
{}
query:
{
    "page": "6",
    "limit": "10",
    "status": ""
}
[2021-07-11T17:48:57.755] [INFO] default - OPTIONS /admin/queryOrders 请求参数：
json:
{}
query:
{
    "page": "1",
    "limit": "10",
    "status": ""
}
[2021-07-11T17:48:57.757] [INFO] default - GET /admin/queryOrders 请求参数：
json:
{}
query:
{
    "page": "1",
    "limit": "10",
    "status": ""
}
[2021-07-11T17:49:00.603] [INFO] default - OPTIONS /admin/queryOrders 请求参数：
json:
{}
query:
{
    "page": "1",
    "limit": "10",
    "status": "0"
}
[2021-07-11T17:49:00.605] [INFO] default - GET /admin/queryOrders 请求参数：
json:
{}
query:
{
    "page": "1",
    "limit": "10",
    "status": "0"
}
[2021-07-11T17:49:02.268] [INFO] default - OPTIONS /admin/queryOrders 请求参数：
json:
{}
query:
{
    "page": "1",
    "limit": "10",
    "status": "1"
}
[2021-07-11T17:49:02.270] [INFO] default - GET /admin/queryOrders 请求参数：
json:
{}
query:
{
    "page": "1",
    "limit": "10",
    "status": "1"
}
[2021-07-11T17:49:09.311] [INFO] default - OPTIONS /admin/queryProducts 请求参数：
json:
{}
query:
{
    "page": "1",
    "limit": "5",
    "keyword": ""
}
[2021-07-11T17:49:09.312] [INFO] default - GET /admin/queryProducts 请求参数：
json:
{}
query:
{
    "page": "1",
    "limit": "5",
    "keyword": ""
}
[2021-07-11T17:49:09.322] [INFO] default - GET /static/GBmaKV_tSeYW6U_fkTfDdbQH.png 请求参数：
json:
{}
query:
{}
[2021-07-11T17:49:09.322] [INFO] default - GET /static/amxQHDEVgsttPVkn_jp2GniX.png 请求参数：
json:
{}
query:
{}
[2021-07-11T17:49:09.323] [INFO] default - GET /static/bhREK9llLKSzfXqU8g_jrTXj.png 请求参数：
json:
{}
query:
{}
[2021-07-11T17:49:15.110] [INFO] default - GET /machine/getProductByCode 请求参数：
json:
{}
query:
{
    "code": "00002"
}
[2021-07-11T17:49:15.175] [INFO] default - GET /static/bhREK9llLKSzfXqU8g_jrTXj.png 请求参数：
json:
{}
query:
{}
[2021-07-11T17:49:16.947] [INFO] default - GET /machine/getProductByCode 请求参数：
json:
{}
query:
{
    "code": "00002"
}
[2021-07-11T17:49:30.711] [INFO] default - GET /machine/getProductByCode 请求参数：
json:
{}
query:
{
    "code": "00003"
}
[2021-07-11T17:49:30.774] [INFO] default - GET /static/amxQHDEVgsttPVkn_jp2GniX.png 请求参数：
json:
{}
query:
{}
[2021-07-11T17:49:34.219] [INFO] default - POST /machine/createOrder 请求参数：
json:
{
    "products": [
        {
            "id": 17,
            "count": 2
        },
        {
            "id": 18,
            "count": 1
        }
    ]
}
query:
{}
[2021-07-11T17:49:34.283] [INFO] default - GET /machine/getOrder 请求参数：
json:
{}
query:
{
    "orderNumber": "202107111749348610800"
}
[2021-07-11T17:49:38.046] [INFO] default - POST /machine/pay 请求参数：
json:
{
    "orderNumber": "202107111749348610800",
    "code": "00003"
}
query:
{}
[2021-07-11T17:49:38.441] [ERROR] default - 支付失败，获取顾客账户信息失败，请顾客刷新付款码后重新收款，如再次收款失败，请联系管理员处理。[SOUNDWAVE_PARSER_FAIL]
Error: 支付失败，获取顾客账户信息失败，请顾客刷新付款码后重新收款，如再次收款失败，请联系管理员处理。[SOUNDWAVE_PARSER_FAIL]
    at Function.of (file:///Users/lilindog/Desktop/nwjs-project-srv/src/utils/util.mjs:66:16)
    at pay (file:///Users/lilindog/Desktop/nwjs-project-srv/src/services/machine.mjs:90:27)
    at processTicksAndRejections (internal/process/task_queues.js:93:5)
    at async file:///Users/lilindog/Desktop/nwjs-project-srv/src/routers/machine.mjs:97:25
    at async default (file:///Users/lilindog/Desktop/nwjs-project-srv/src/middleware/requestLog.mjs:16:5)
    at async bodyParser (/Users/lilindog/Desktop/nwjs-project-srv/node_modules/koa-bodyparser/index.js:95:5)
    at async default (file:///Users/lilindog/Desktop/nwjs-project-srv/src/middleware/crossOrigin.mjs:6:5)
[2021-07-11T17:50:55.416] [INFO] default - POST /machine/pay 请求参数：
json:
{
    "orderNumber": "202107111749348610800",
    "code": "00003"
}
query:
{}
[2021-07-11T17:50:55.599] [ERROR] default - 支付失败，获取顾客账户信息失败，请顾客刷新付款码后重新收款，如再次收款失败，请联系管理员处理。[SOUNDWAVE_PARSER_FAIL]
Error: 支付失败，获取顾客账户信息失败，请顾客刷新付款码后重新收款，如再次收款失败，请联系管理员处理。[SOUNDWAVE_PARSER_FAIL]
    at Function.of (file:///Users/lilindog/Desktop/nwjs-project-srv/src/utils/util.mjs:66:16)
    at pay (file:///Users/lilindog/Desktop/nwjs-project-srv/src/services/machine.mjs:90:27)
    at processTicksAndRejections (internal/process/task_queues.js:93:5)
    at async file:///Users/lilindog/Desktop/nwjs-project-srv/src/routers/machine.mjs:97:25
    at async default (file:///Users/lilindog/Desktop/nwjs-project-srv/src/middleware/requestLog.mjs:16:5)
    at async bodyParser (/Users/lilindog/Desktop/nwjs-project-srv/node_modules/koa-bodyparser/index.js:95:5)
    at async default (file:///Users/lilindog/Desktop/nwjs-project-srv/src/middleware/crossOrigin.mjs:6:5)
[2021-07-11T17:50:59.245] [INFO] default - POST /machine/pay 请求参数：
json:
{
    "orderNumber": "202107111749348610800",
    "code": "00003"
}
query:
{}
[2021-07-11T17:50:59.523] [ERROR] default - 支付失败，获取顾客账户信息失败，请顾客刷新付款码后重新收款，如再次收款失败，请联系管理员处理。[SOUNDWAVE_PARSER_FAIL]
Error: 支付失败，获取顾客账户信息失败，请顾客刷新付款码后重新收款，如再次收款失败，请联系管理员处理。[SOUNDWAVE_PARSER_FAIL]
    at Function.of (file:///Users/lilindog/Desktop/nwjs-project-srv/src/utils/util.mjs:66:16)
    at pay (file:///Users/lilindog/Desktop/nwjs-project-srv/src/services/machine.mjs:90:27)
    at processTicksAndRejections (internal/process/task_queues.js:93:5)
    at async file:///Users/lilindog/Desktop/nwjs-project-srv/src/routers/machine.mjs:97:25
    at async default (file:///Users/lilindog/Desktop/nwjs-project-srv/src/middleware/requestLog.mjs:16:5)
    at async bodyParser (/Users/lilindog/Desktop/nwjs-project-srv/node_modules/koa-bodyparser/index.js:95:5)
    at async default (file:///Users/lilindog/Desktop/nwjs-project-srv/src/middleware/crossOrigin.mjs:6:5)
[2021-07-11T17:51:02.931] [INFO] default - POST /machine/pay 请求参数：
json:
{
    "orderNumber": "202107111749348610800",
    "code": "00003"
}
query:
{}
[2021-07-11T17:51:03.145] [ERROR] default - 支付失败，获取顾客账户信息失败，请顾客刷新付款码后重新收款，如再次收款失败，请联系管理员处理。[SOUNDWAVE_PARSER_FAIL]
Error: 支付失败，获取顾客账户信息失败，请顾客刷新付款码后重新收款，如再次收款失败，请联系管理员处理。[SOUNDWAVE_PARSER_FAIL]
    at Function.of (file:///Users/lilindog/Desktop/nwjs-project-srv/src/utils/util.mjs:66:16)
    at pay (file:///Users/lilindog/Desktop/nwjs-project-srv/src/services/machine.mjs:90:27)
    at processTicksAndRejections (internal/process/task_queues.js:93:5)
    at async file:///Users/lilindog/Desktop/nwjs-project-srv/src/routers/machine.mjs:97:25
    at async default (file:///Users/lilindog/Desktop/nwjs-project-srv/src/middleware/requestLog.mjs:16:5)
    at async bodyParser (/Users/lilindog/Desktop/nwjs-project-srv/node_modules/koa-bodyparser/index.js:95:5)
    at async default (file:///Users/lilindog/Desktop/nwjs-project-srv/src/middleware/crossOrigin.mjs:6:5)
[2021-07-11T18:20:28.308] [INFO] default - GET /machine/getProductByCode 请求参数：
json:
{}
query:
{
    "code": "00003"
}
[2021-07-11T18:20:28.349] [INFO] default - GET /static/amxQHDEVgsttPVkn_jp2GniX.png 请求参数：
json:
{}
query:
{}
[2021-07-11T18:20:41.147] [INFO] default - GET /machine/getProductByCode 请求参数：
json:
{}
query:
{
    "code": "00003"
}
[2021-07-11T18:30:56.732] [INFO] default - GET /machine/getProductByCode 请求参数：
json:
{}
query:
{
    "code": "00003"
}
[2021-07-11T18:30:56.783] [INFO] default - GET /static/amxQHDEVgsttPVkn_jp2GniX.png 请求参数：
json:
{}
query:
{}
[2021-07-11T18:30:58.547] [INFO] default - GET /machine/getProductByCode 请求参数：
json:
{}
query:
{
    "code": "00003"
}
[2021-07-11T18:30:59.900] [INFO] default - GET /machine/getProductByCode 请求参数：
json:
{}
query:
{
    "code": "00003"
}
[2021-07-11T18:53:39.872] [INFO] default - GET /machine/getProductByCode 请求参数：
json:
{}
query:
{
    "code": "6914782210257"
}
[2021-07-11T18:53:39.874] [ERROR] default - 机器没有授权！
Error: 机器没有授权！
    at Function.of (file:///Users/lilindog/Desktop/nwjs-project-srv/src/utils/util.mjs:66:16)
    at default (file:///Users/lilindog/Desktop/nwjs-project-srv/src/middleware/checkMachineToken.mjs:9:43)
    at dispatch (/Users/lilindog/Desktop/nwjs-project-srv/node_modules/koa-compose/index.js:42:32)
    at /Users/lilindog/Desktop/nwjs-project-srv/node_modules/koa-router/lib/router.js:372:16
    at dispatch (/Users/lilindog/Desktop/nwjs-project-srv/node_modules/koa-compose/index.js:42:32)
    at /Users/lilindog/Desktop/nwjs-project-srv/node_modules/koa-compose/index.js:34:12
    at dispatch (/Users/lilindog/Desktop/nwjs-project-srv/node_modules/koa-router/lib/router.js:377:31)
    at dispatch (/Users/lilindog/Desktop/nwjs-project-srv/node_modules/koa-compose/index.js:42:32)
    at dispatch (/Users/lilindog/Desktop/nwjs-project-srv/node_modules/koa-router/lib/router.js:353:32)
    at dispatch (/Users/lilindog/Desktop/nwjs-project-srv/node_modules/koa-compose/index.js:42:32)
[2021-07-11T18:54:02.705] [INFO] default - GET /machine/getProductByCode 请求参数：
json:
{}
query:
{
    "code": "6914782210257"
}
[2021-07-11T18:54:02.707] [ERROR] default - 机器没有授权！
Error: 机器没有授权！
    at Function.of (file:///Users/lilindog/Desktop/nwjs-project-srv/src/utils/util.mjs:66:16)
    at default (file:///Users/lilindog/Desktop/nwjs-project-srv/src/middleware/checkMachineToken.mjs:9:43)
    at dispatch (/Users/lilindog/Desktop/nwjs-project-srv/node_modules/koa-compose/index.js:42:32)
    at /Users/lilindog/Desktop/nwjs-project-srv/node_modules/koa-router/lib/router.js:372:16
    at dispatch (/Users/lilindog/Desktop/nwjs-project-srv/node_modules/koa-compose/index.js:42:32)
    at /Users/lilindog/Desktop/nwjs-project-srv/node_modules/koa-compose/index.js:34:12
    at dispatch (/Users/lilindog/Desktop/nwjs-project-srv/node_modules/koa-router/lib/router.js:377:31)
    at dispatch (/Users/lilindog/Desktop/nwjs-project-srv/node_modules/koa-compose/index.js:42:32)
    at dispatch (/Users/lilindog/Desktop/nwjs-project-srv/node_modules/koa-router/lib/router.js:353:32)
    at dispatch (/Users/lilindog/Desktop/nwjs-project-srv/node_modules/koa-compose/index.js:42:32)
[2021-07-11T18:56:10.501] [INFO] default - GET /machine/getProductByCode 请求参数：
json:
{}
query:
{
    "code": "6914782210257"
}
[2021-07-11T18:56:10.503] [ERROR] default - 机器没有授权！
Error: 机器没有授权！
    at Function.of (file:///Users/lilindog/Desktop/nwjs-project-srv/src/utils/util.mjs:66:16)
    at default (file:///Users/lilindog/Desktop/nwjs-project-srv/src/middleware/checkMachineToken.mjs:10:43)
    at dispatch (/Users/lilindog/Desktop/nwjs-project-srv/node_modules/koa-compose/index.js:42:32)
    at /Users/lilindog/Desktop/nwjs-project-srv/node_modules/koa-router/lib/router.js:372:16
    at dispatch (/Users/lilindog/Desktop/nwjs-project-srv/node_modules/koa-compose/index.js:42:32)
    at /Users/lilindog/Desktop/nwjs-project-srv/node_modules/koa-compose/index.js:34:12
    at dispatch (/Users/lilindog/Desktop/nwjs-project-srv/node_modules/koa-router/lib/router.js:377:31)
    at dispatch (/Users/lilindog/Desktop/nwjs-project-srv/node_modules/koa-compose/index.js:42:32)
    at dispatch (/Users/lilindog/Desktop/nwjs-project-srv/node_modules/koa-router/lib/router.js:353:32)
    at dispatch (/Users/lilindog/Desktop/nwjs-project-srv/node_modules/koa-compose/index.js:42:32)
[2021-07-11T18:58:47.315] [INFO] default - GET /machine/getProductByCode 请求参数：
json:
{}
query:
{
    "code": "6914782210257"
}
[2021-07-11T18:59:27.613] [INFO] default - GET /machine/getProductByCode 请求参数：
json:
{}
query:
{
    "code": "6914782210257"
}
[2021-07-11T22:46:13.061] [INFO] default - OPTIONS /admin/queryProducts 请求参数：
json:
{}
query:
{
    "page": "1",
    "limit": "5",
    "keyword": ""
}
[2021-07-11T22:46:13.268] [INFO] default - GET /admin/queryProducts 请求参数：
json:
{}
query:
{
    "page": "1",
    "limit": "5",
    "keyword": ""
}
[2021-07-11T22:46:27.238] [INFO] default - OPTIONS /admin/upload 请求参数：
json:
{}
query:
{}
[2021-07-11T22:46:27.839] [INFO] default - POST /admin/upload 请求参数：
json:
{}
query:
{}
[2021-07-11T22:46:28.246] [INFO] default - GET /static/fkh5v7wnN_ybRin6vZXjMSdH.jpeg 请求参数：
json:
{}
query:
{}
[2021-07-12T14:24:12.322] [INFO] production - OPTIONS /admin/queryOrders 请求参数：
json:
{}
query:
{
    "page": "1",
    "limit": "10",
    "status": ""
}
[2021-07-12T14:24:12.331] [INFO] production - GET /admin/queryOrders 请求参数：
json:
{}
query:
{
    "page": "1",
    "limit": "10",
    "status": ""
}
[2021-07-12T14:24:12.361] [ERROR] production - Access denied for user 'root'@'localhost' (using password: YES)
Error: Access denied for user 'root'@'localhost' (using password: YES)
    at Packet.asError (/Users/lilindog/Desktop/nwjs-project-srv/node_modules/mysql2/lib/packets/packet.js:712:17)
    at ClientHandshake.execute (/Users/lilindog/Desktop/nwjs-project-srv/node_modules/mysql2/lib/commands/command.js:28:26)
    at PoolConnection.handlePacket (/Users/lilindog/Desktop/nwjs-project-srv/node_modules/mysql2/lib/connection.js:425:32)
    at PacketParser.onPacket (/Users/lilindog/Desktop/nwjs-project-srv/node_modules/mysql2/lib/connection.js:75:12)
    at PacketParser.executeStart (/Users/lilindog/Desktop/nwjs-project-srv/node_modules/mysql2/lib/packet_parser.js:75:16)
    at Socket.<anonymous> (/Users/lilindog/Desktop/nwjs-project-srv/node_modules/mysql2/lib/connection.js:82:25)
    at Socket.emit (events.js:315:20)
    at addChunk (internal/streams/readable.js:309:12)
    at readableAddChunk (internal/streams/readable.js:284:9)
    at Socket.Readable.push (internal/streams/readable.js:223:10)
[2021-07-12T14:24:14.694] [INFO] production - GET /admin/queryOrders 请求参数：
json:
{}
query:
{
    "page": "1",
    "limit": "10",
    "status": ""
}
[2021-07-12T14:24:14.696] [ERROR] production - Access denied for user 'root'@'localhost' (using password: YES)
Error: Access denied for user 'root'@'localhost' (using password: YES)
    at Packet.asError (/Users/lilindog/Desktop/nwjs-project-srv/node_modules/mysql2/lib/packets/packet.js:712:17)
    at ClientHandshake.execute (/Users/lilindog/Desktop/nwjs-project-srv/node_modules/mysql2/lib/commands/command.js:28:26)
    at PoolConnection.handlePacket (/Users/lilindog/Desktop/nwjs-project-srv/node_modules/mysql2/lib/connection.js:425:32)
    at PacketParser.onPacket (/Users/lilindog/Desktop/nwjs-project-srv/node_modules/mysql2/lib/connection.js:75:12)
    at PacketParser.executeStart (/Users/lilindog/Desktop/nwjs-project-srv/node_modules/mysql2/lib/packet_parser.js:75:16)
    at Socket.<anonymous> (/Users/lilindog/Desktop/nwjs-project-srv/node_modules/mysql2/lib/connection.js:82:25)
    at Socket.emit (events.js:315:20)
    at addChunk (internal/streams/readable.js:309:12)
    at readableAddChunk (internal/streams/readable.js:284:9)
    at Socket.Readable.push (internal/streams/readable.js:223:10)
[2021-07-12T14:25:55.916] [INFO] default - OPTIONS /admin/queryOrders 请求参数：
json:
{}
query:
{
    "page": "1",
    "limit": "10",
    "status": ""
}
[2021-07-12T14:25:55.925] [INFO] default - GET /admin/queryOrders 请求参数：
json:
{}
query:
{
    "page": "1",
    "limit": "10",
    "status": ""
}
[2021-07-12T14:26:05.898] [INFO] default - OPTIONS /admin/queryOrders 请求参数：
json:
{}
query:
{
    "page": "1",
    "limit": "10",
    "status": "1"
}
[2021-07-12T14:26:05.900] [INFO] default - GET /admin/queryOrders 请求参数：
json:
{}
query:
{
    "page": "1",
    "limit": "10",
    "status": "1"
}
[2021-07-12T15:07:14.818] [INFO] default - OPTIONS /admin/queryOrders 请求参数：
json:
{}
query:
{
    "page": "1",
    "limit": "10",
    "status": ""
}
[2021-07-12T15:07:14.831] [INFO] default - GET /admin/queryOrders 请求参数：
json:
{}
query:
{
    "page": "1",
    "limit": "10",
    "status": ""
}
[2021-07-12T15:07:18.722] [INFO] default - OPTIONS /admin/queryOrders 请求参数：
json:
{}
query:
{
    "page": "1",
    "limit": "10",
    "status": "3"
}
[2021-07-12T15:07:18.724] [INFO] default - GET /admin/queryOrders 请求参数：
json:
{}
query:
{
    "page": "1",
    "limit": "10",
    "status": "3"
}
[2021-07-12T15:07:20.756] [INFO] default - OPTIONS /admin/getPaylog 请求参数：
json:
{}
query:
{
    "orderNumber": "20210711003036956103"
}
[2021-07-12T15:07:20.758] [INFO] default - GET /admin/getPaylog 请求参数：
json:
{}
query:
{
    "orderNumber": "20210711003036956103"
}
[2021-07-12T15:07:23.147] [INFO] default - GET /static/bhREK9llLKSzfXqU8g_jrTXj.png 请求参数：
json:
{}
query:
{}
[2021-07-12T15:07:37.970] [INFO] default - OPTIONS /admin/queryOrders 请求参数：
json:
{}
query:
{
    "page": "1",
    "limit": "10",
    "status": "1"
}
[2021-07-12T15:07:37.972] [INFO] default - GET /admin/queryOrders 请求参数：
json:
{}
query:
{
    "page": "1",
    "limit": "10",
    "status": "1"
}
[2021-07-12T15:07:48.097] [INFO] default - OPTIONS /admin/queryProducts 请求参数：
json:
{}
query:
{
    "page": "1",
    "limit": "5",
    "keyword": ""
}
[2021-07-12T15:07:48.099] [INFO] default - GET /admin/queryProducts 请求参数：
json:
{}
query:
{
    "page": "1",
    "limit": "5",
    "keyword": ""
}
[2021-07-12T15:07:48.115] [INFO] default - GET /static/bhREK9llLKSzfXqU8g_jrTXj.png 请求参数：
json:
{}
query:
{}
[2021-07-12T15:07:48.116] [INFO] default - GET /static/GBmaKV_tSeYW6U_fkTfDdbQH.png 请求参数：
json:
{}
query:
{}
[2021-07-12T15:07:48.117] [INFO] default - GET /static/amxQHDEVgsttPVkn_jp2GniX.png 请求参数：
json:
{}
query:
{}
[2021-07-12T15:07:50.972] [INFO] default - GET /admin/queryProducts 请求参数：
json:
{}
query:
{
    "page": "1",
    "limit": "5",
    "keyword": ""
}
[2021-07-12T15:07:50.998] [INFO] default - GET /static/GBmaKV_tSeYW6U_fkTfDdbQH.png 请求参数：
json:
{}
query:
{}
[2021-07-12T15:07:51.000] [INFO] default - GET /static/amxQHDEVgsttPVkn_jp2GniX.png 请求参数：
json:
{}
query:
{}
[2021-07-12T15:07:51.002] [INFO] default - GET /static/bhREK9llLKSzfXqU8g_jrTXj.png 请求参数：
json:
{}
query:
{}
[2021-07-12T15:07:54.094] [INFO] default - OPTIONS /admin/queryProducts 请求参数：
json:
{}
query:
{
    "page": "1",
    "limit": "5",
    "keyword": ""
}
[2021-07-12T15:07:54.097] [INFO] default - GET /admin/queryProducts 请求参数：
json:
{}
query:
{
    "page": "1",
    "limit": "5",
    "keyword": ""
}
[2021-07-12T15:07:54.114] [INFO] default - GET /static/GBmaKV_tSeYW6U_fkTfDdbQH.png 请求参数：
json:
{}
query:
{}
[2021-07-12T15:07:54.117] [INFO] default - GET /static/amxQHDEVgsttPVkn_jp2GniX.png 请求参数：
json:
{}
query:
{}
[2021-07-12T15:07:54.120] [INFO] default - GET /static/bhREK9llLKSzfXqU8g_jrTXj.png 请求参数：
json:
{}
query:
{}
[2021-07-12T15:08:36.725] [INFO] default - OPTIONS /admin/queryProducts 请求参数：
json:
{}
query:
{
    "page": "1",
    "limit": "5",
    "keyword": ""
}
[2021-07-12T15:08:36.732] [INFO] default - GET /admin/queryProducts 请求参数：
json:
{}
query:
{
    "page": "1",
    "limit": "5",
    "keyword": ""
}
[2021-07-12T15:08:36.766] [INFO] default - GET /static/GBmaKV_tSeYW6U_fkTfDdbQH.png 请求参数：
json:
{}
query:
{}
[2021-07-12T15:08:36.770] [INFO] default - GET /static/amxQHDEVgsttPVkn_jp2GniX.png 请求参数：
json:
{}
query:
{}
[2021-07-12T15:08:36.773] [INFO] default - GET /static/bhREK9llLKSzfXqU8g_jrTXj.png 请求参数：
json:
{}
query:
{}
[2021-07-12T15:08:39.699] [INFO] default - GET /admin/queryProducts 请求参数：
json:
{}
query:
{
    "page": "1",
    "limit": "5",
    "keyword": ""
}
[2021-07-12T15:08:39.714] [INFO] default - GET /static/GBmaKV_tSeYW6U_fkTfDdbQH.png 请求参数：
json:
{}
query:
{}
[2021-07-12T15:08:39.715] [INFO] default - GET /static/amxQHDEVgsttPVkn_jp2GniX.png 请求参数：
json:
{}
query:
{}
[2021-07-12T15:08:39.718] [INFO] default - GET /static/bhREK9llLKSzfXqU8g_jrTXj.png 请求参数：
json:
{}
query:
{}
[2021-07-12T15:11:37.979] [INFO] default - OPTIONS /admin/queryProducts 请求参数：
json:
{}
query:
{
    "page": "1",
    "limit": "5",
    "keyword": ""
}
[2021-07-12T15:11:37.989] [INFO] default - GET /admin/queryProducts 请求参数：
json:
{}
query:
{
    "page": "1",
    "limit": "5",
    "keyword": ""
}
[2021-07-12T15:11:38.028] [INFO] default - GET /static/GBmaKV_tSeYW6U_fkTfDdbQH.png 请求参数：
json:
{}
query:
{}
[2021-07-12T15:11:38.032] [INFO] default - GET /static/amxQHDEVgsttPVkn_jp2GniX.png 请求参数：
json:
{}
query:
{}
[2021-07-12T15:11:38.033] [INFO] default - GET /static/bhREK9llLKSzfXqU8g_jrTXj.png 请求参数：
json:
{}
query:
{}
[2021-07-12T15:12:16.874] [INFO] default - OPTIONS /admin/queryProducts 请求参数：
json:
{}
query:
{
    "page": "1",
    "limit": "5",
    "keyword": ""
}
[2021-07-12T15:12:16.882] [INFO] default - GET /admin/queryProducts 请求参数：
json:
{}
query:
{
    "page": "1",
    "limit": "5",
    "keyword": ""
}
[2021-07-12T15:12:16.920] [INFO] default - GET /static/GBmaKV_tSeYW6U_fkTfDdbQH.png 请求参数：
json:
{}
query:
{}
[2021-07-12T15:12:16.925] [INFO] default - GET /static/amxQHDEVgsttPVkn_jp2GniX.png 请求参数：
json:
{}
query:
{}
[2021-07-12T15:12:16.927] [INFO] default - GET /static/bhREK9llLKSzfXqU8g_jrTXj.png 请求参数：
json:
{}
query:
{}
[2021-07-12T15:14:21.019] [INFO] default - OPTIONS /admin/queryProducts 请求参数：
json:
{}
query:
{
    "page": "1",
    "limit": "5",
    "keyword": ""
}
[2021-07-12T15:14:21.026] [INFO] default - GET /admin/queryProducts 请求参数：
json:
{}
query:
{
    "page": "1",
    "limit": "5",
    "keyword": ""
}
[2021-07-12T15:14:21.059] [INFO] default - GET /static/GBmaKV_tSeYW6U_fkTfDdbQH.png 请求参数：
json:
{}
query:
{}
[2021-07-12T15:14:21.065] [INFO] default - GET /static/amxQHDEVgsttPVkn_jp2GniX.png 请求参数：
json:
{}
query:
{}
[2021-07-12T15:14:21.073] [INFO] default - GET /static/bhREK9llLKSzfXqU8g_jrTXj.png 请求参数：
json:
{}
query:
{}
[2021-07-12T15:15:57.030] [INFO] default - OPTIONS /admin/queryProducts 请求参数：
json:
{}
query:
{
    "page": "1",
    "limit": "5",
    "keyword": ""
}
[2021-07-12T15:15:57.039] [INFO] default - GET /admin/queryProducts 请求参数：
json:
{}
query:
{
    "page": "1",
    "limit": "5",
    "keyword": ""
}
[2021-07-12T15:15:57.076] [INFO] default - GET /static/GBmaKV_tSeYW6U_fkTfDdbQH.png 请求参数：
json:
{}
query:
{}
[2021-07-12T15:15:57.080] [INFO] default - GET /static/amxQHDEVgsttPVkn_jp2GniX.png 请求参数：
json:
{}
query:
{}
[2021-07-12T15:15:57.081] [INFO] default - GET /static/bhREK9llLKSzfXqU8g_jrTXj.png 请求参数：
json:
{}
query:
{}
[2021-07-12T15:16:40.806] [INFO] default - OPTIONS /admin/queryProducts 请求参数：
json:
{}
query:
{
    "page": "1",
    "limit": "5",
    "keyword": ""
}
[2021-07-12T15:16:40.816] [INFO] default - GET /admin/queryProducts 请求参数：
json:
{}
query:
{
    "page": "1",
    "limit": "5",
    "keyword": ""
}
[2021-07-12T15:16:40.854] [INFO] default - GET /static/GBmaKV_tSeYW6U_fkTfDdbQH.png 请求参数：
json:
{}
query:
{}
[2021-07-12T15:16:40.858] [INFO] default - GET /static/amxQHDEVgsttPVkn_jp2GniX.png 请求参数：
json:
{}
query:
{}
[2021-07-12T15:16:40.862] [INFO] default - GET /static/bhREK9llLKSzfXqU8g_jrTXj.png 请求参数：
json:
{}
query:
{}
[2021-07-12T15:17:59.598] [INFO] default - OPTIONS /admin/queryProducts 请求参数：
json:
{}
query:
{
    "page": "1",
    "limit": "5",
    "keyword": ""
}
[2021-07-12T15:17:59.607] [INFO] default - GET /admin/queryProducts 请求参数：
json:
{}
query:
{
    "page": "1",
    "limit": "5",
    "keyword": ""
}
[2021-07-12T15:17:59.641] [INFO] default - GET /static/GBmaKV_tSeYW6U_fkTfDdbQH.png 请求参数：
json:
{}
query:
{}
[2021-07-12T15:17:59.645] [INFO] default - GET /static/amxQHDEVgsttPVkn_jp2GniX.png 请求参数：
json:
{}
query:
{}
[2021-07-12T15:17:59.649] [INFO] default - GET /static/bhREK9llLKSzfXqU8g_jrTXj.png 请求参数：
json:
{}
query:
{}
[2021-07-12T15:19:06.750] [INFO] default - OPTIONS /admin/queryOrders 请求参数：
json:
{}
query:
{
    "page": "1",
    "limit": "10",
    "status": ""
}
[2021-07-12T15:19:06.758] [INFO] default - GET /admin/queryOrders 请求参数：
json:
{}
query:
{
    "page": "1",
    "limit": "10",
    "status": ""
}
[2021-07-12T15:19:08.852] [INFO] default - OPTIONS /admin/queryOrders 请求参数：
json:
{}
query:
{
    "page": "1",
    "limit": "10",
    "status": "1"
}
[2021-07-12T15:19:08.854] [INFO] default - GET /admin/queryOrders 请求参数：
json:
{}
query:
{
    "page": "1",
    "limit": "10",
    "status": "1"
}
[2021-07-12T15:19:59.016] [INFO] default - OPTIONS /admin/queryOrders 请求参数：
json:
{}
query:
{
    "page": "1",
    "limit": "10",
    "status": ""
}
[2021-07-12T15:19:59.026] [INFO] default - GET /admin/queryOrders 请求参数：
json:
{}
query:
{
    "page": "1",
    "limit": "10",
    "status": ""
}
[2021-07-12T15:20:00.429] [INFO] default - OPTIONS /admin/queryOrders 请求参数：
json:
{}
query:
{
    "page": "1",
    "limit": "10",
    "status": "1"
}
[2021-07-12T15:20:00.431] [INFO] default - GET /admin/queryOrders 请求参数：
json:
{}
query:
{
    "page": "1",
    "limit": "10",
    "status": "1"
}
